[Sep 19 2014 14:42:42.000000 - ERROR] effectiveUser=931-981-6934 service=BudgetService method=mutate operators={ADD: 1} responseTime=329 requestId=0005036780d2aab10a429a280c0053d4 operations=1 units= server=adwords.google.com isFault=true faultMessage=[BudgetError.MONEY_AMOUNT_LESS_THAN_CURRENCY_MINIMUM_CPC @ operations[0].operand.amount]
[Sep 19 2014 14:43:03.000000 - INFO] effectiveUser=931-981-6934 service=BudgetService method=mutate operators={ADD: 1} responseTime=549 requestId=000503678213aa790a430e661c00746b operations=1 units= server=adwords.google.com isFault=false faultMessage=null
[Sep 19 2014 14:43:09.000000 - INFO] effectiveUser=931-981-6934 service=CampaignService method=mutate operators={ADD: 1} responseTime=310 requestId=000503678272a6e10a42482ab900360a operations=1 units= server=adwords.google.com isFault=false faultMessage=null
[Sep 19 2014 14:59:12.000000 - INFO] effectiveUser=931-981-6934 service=BudgetService method=mutate operators={ADD: 1} responseTime=486 requestId=00050367bbd2b7690a424c2a770017f8 operations=1 units= server=adwords.google.com isFault=false faultMessage=null
[Sep 19 2014 14:59:18.000000 - INFO] effectiveUser=931-981-6934 service=CampaignService method=mutate operators={ADD: 1} responseTime=349 requestId=00050367bc37f1790a4301efd9002f51 operations=1 units= server=adwords.google.com isFault=false faultMessage=null
[Sep 19 2014 15:35:43.000000 - INFO] effectiveUser=931-981-6934 service=AdGroupService method=mutate operators={ADD: 1} responseTime=562 requestId=000503683e675dc80a424c2a770017f8 operations=1 units= server=adwords.google.com isFault=false faultMessage=null
[Sep 19 2014 15:36:55.000000 - INFO] effectiveUser=931-981-6934 service=AdGroupService method=mutate operators={ADD: 1} responseTime=628 requestId=0005036842b265590a42afcdad0021f3 operations=1 units= server=adwords.google.com isFault=false faultMessage=null
[Sep 19 2014 16:42:31.000000 - INFO] effectiveUser=931-981-6934 service=BudgetService method=mutate operators={ADD: 1} responseTime=654 requestId=000503692d55c3700a429f443b0007a4 operations=1 units= server=adwords.google.com isFault=false faultMessage=null
[Sep 19 2014 16:42:38.000000 - ERROR] effectiveUser=931-981-6934 service=CampaignService method=mutate operators={ADD: 1} responseTime=500 requestId=000503692dba0f390a42fd659e0052c4 operations=1 units= server=adwords.google.com isFault=true faultMessage=[RequiredError.REQUIRED @ operations[0].operand.name]
[Sep 19 2014 16:43:29.000000 - ERROR] effectiveUser=931-981-6934 service=BudgetService method=mutate operators={ADD: 1} responseTime=512 requestId=0005036930c2e6500a42e4c504000e79 operations=1 units= server=adwords.google.com isFault=true faultMessage=[BudgetError.DUPLICATE_NAME @ operations[0].operand.name]
[Sep 19 2014 16:45:38.000000 - INFO] effectiveUser=931-981-6934 service=BudgetService method=mutate operators={ADD: 1} responseTime=583 requestId=000503693878bf010a42e4c504000e79 operations=1 units= server=adwords.google.com isFault=false faultMessage=null
[Sep 19 2014 16:45:44.000000 - INFO] effectiveUser=931-981-6934 service=CampaignService method=mutate operators={ADD: 1} responseTime=368 requestId=0005036938d91ee00a42078774005368 operations=1 units= server=adwords.google.com isFault=false faultMessage=null
[Sep 19 2014 16:48:16.000000 - ERROR] effectiveUser=931-981-6934 service=AdGroupService method=mutate operators={ADD: 1} responseTime= requestId= operations= units= server=adwords.google.com isFault=true faultMessage=Unmarshalling Error: For input string: "giri-test-1" 
[Sep 19 2014 16:49:31.000000 - INFO] effectiveUser=931-981-6934 service=AdGroupService method=mutate operators={ADD: 1} responseTime=526 requestId=000503694654eef00a424f889d002bc0 operations=1 units= server=adwords.google.com isFault=false faultMessage=null
[Sep 19 2014 17:22:38.000000 - INFO] effectiveUser=931-981-6934 service=AdGroupAdService method=mutate operators={ADD: 5} responseTime=419 requestId=00050369bcc850190a431ec965000b48 operations=5 units= server=adwords.google.com isFault=false faultMessage=null
[Sep 22 2014 15:36:22.000000 - INFO] effectiveUser=931-981-6934 service=CampaignService method=get operators={} responseTime=460 requestId=000503a49a4aaf790a4296611a001b94 operations=1 units= server=adwords.google.com isFault=false faultMessage=null
[Sep 22 2014 15:37:17.000000 - INFO] effectiveUser=931-981-6934 service=CampaignService method=get operators={} responseTime=430 requestId=000503a49d8a65710a42fd659e0052c4 operations=1 units= server=adwords.google.com isFault=false faultMessage=null
[Sep 22 2014 15:40:42.000000 - INFO] effectiveUser=931-981-6934 service=CampaignService method=get operators={} responseTime=433 requestId=000503a4a9c5c6400a429a280c0053d4 operations=1 units= server=adwords.google.com isFault=false faultMessage=null
[Sep 22 2014 15:42:41.000000 - INFO] effectiveUser=931-981-6934 service=AdGroupService method=get operators={IN: 1} responseTime=412 requestId=000503a4b0e137990a4202ca4a001cb4 operations=1 units= server=adwords.google.com isFault=false faultMessage=null
[Sep 22 2014 15:44:04.000000 - INFO] effectiveUser=931-981-6934 service=AdGroupAdService method=get operators={IN: 3} responseTime=569 requestId=000503a4b5d8abc80a4231e3c400163e operations=1 units= server=adwords.google.com isFault=false faultMessage=null
[Sep 22 2014 15:45:02.000000 - INFO] effectiveUser=931-981-6934 service=AdGroupAdService method=get operators={IN: 3} responseTime=460 requestId=000503a4b94eac310a42afcdad0021f3 operations=1 units= server=adwords.google.com isFault=false faultMessage=null
[Sep 22 2014 15:46:13.000000 - INFO] effectiveUser=931-981-6934 service=AdGroupCriterionService method=get operators={IN: 2} responseTime=474 requestId=000503a4bd7e92700a429204d3005357 operations=1 units= server=adwords.google.com isFault=false faultMessage=null
[Sep 22 2014 15:49:14.000000 - INFO] effectiveUser=931-981-6934 service=AdGroupCriterionService method=mutate operators={ADD: 1} responseTime=4882 requestId=000503a4c802b2090a4202ca4a001cb4 operations=1 units= server=adwords.google.com isFault=false faultMessage=null
[Sep 22 2014 15:50:31.000000 - INFO] effectiveUser=931-981-6934 service=AdGroupCriterionService method=mutate operators={ADD: 1} responseTime=676 requestId=000503a4cce0c2380a42b4d047003641 operations=1 units= server=adwords.google.com isFault=false faultMessage=null
[Sep 22 2014 16:40:42.000000 - INFO] effectiveUser=931-981-6934 service=AdGroupService method=mutate operators={SET: 1} responseTime=400 requestId=000503a580601d180a42c1c7b8004938 operations=1 units= server=adwords.google.com isFault=false faultMessage=null
